<?xml version="1.0" encoding="UTF-8"?>
<!-- Generated by org.testng.reporters.JUnitReportReporter -->
<testsuite hostname="TIMUR-LAPTOP" failures="0" tests="1" name="tests.validation.RedirectionValidateTest" time="3.406" errors="0" timestamp="2022-02-03T10:37:00 IST" skipped="0">
  <testcase classname="tests.validation.RedirectionValidateTest" name="redirectionValidateCheck" time="3.406"/>
  <system-out/>
</testsuite> <!-- tests.validation.RedirectionValidateTest -->
