<?xml version="1.0" encoding="UTF-8"?>
<!-- Generated by org.testng.reporters.JUnitReportReporter -->
<testsuite hostname="TIMUR-LAPTOP" failures="0" tests="1" name="tests.validation.MoreResultsValidateTest" time="3.517" errors="0" timestamp="2022-02-02T03:17:05 IST" skipped="0">
  <testcase classname="tests.validation.MoreResultsValidateTest" name="moreResultsValidateCheck" time="3.517"/>
  <system-out/>
</testsuite> <!-- tests.validation.MoreResultsValidateTest -->
