<?xml version="1.0" encoding="UTF-8"?>
<!-- Generated by org.testng.reporters.JUnitReportReporter -->
<testsuite hostname="TIMUR-LAPTOP" failures="0" tests="1" name="tests.validation.MoreResultsValidateTest" time="3.826" errors="0" timestamp="2022-02-03T10:37:00 IST" skipped="0">
  <testcase classname="tests.validation.MoreResultsValidateTest" name="moreResultsValidateCheck" time="3.826"/>
  <system-out/>
</testsuite> <!-- tests.validation.MoreResultsValidateTest -->
