<?xml version="1.0" encoding="UTF-8"?>
<!-- Generated by org.testng.reporters.JUnitReportReporter -->
<testsuite hostname="TIMUR-LAPTOP" failures="0" tests="1" name="tests.validation.SearchValidateTest" time="1.451" errors="0" timestamp="2022-02-02T03:17:05 IST" skipped="0">
  <testcase classname="tests.validation.SearchValidateTest" name="searchValidateCheck" time="1.451"/>
  <system-out/>
</testsuite> <!-- tests.validation.SearchValidateTest -->
